<?xml version="1.0" encoding="UTF-8"?>
<!-- Generated by org.testng.reporters.JUnitReportReporter -->
<testsuite hostname="PC-Lite" name="by.htp.vk.tests.WallPostTest" tests="5" failures="0" timestamp="18 Apr 2018 09:13:46 GMT" time="19.684" errors="0">
  <testcase name="B_likeWallPostTest" time="1.024" classname="by.htp.vk.tests.WallPostTest"/>
  <testcase name="E_deleteWallPostTest" time="0.725" classname="by.htp.vk.tests.WallPostTest"/>
  <testcase name="C_editWallPostTest" time="0.846" classname="by.htp.vk.tests.WallPostTest"/>
  <testcase name="D_addCommentWallPostTest" time="1.453" classname="by.htp.vk.tests.WallPostTest"/>
  <testcase name="A_createWallPostTest" time="15.636" classname="by.htp.vk.tests.WallPostTest"/>
</testsuite> <!-- by.htp.vk.tests.WallPostTest -->
