<?xml version="1.0" encoding="UTF-8"?>
<!-- Generated by org.testng.reporters.JUnitReportReporter -->
<testsuite hostname="PC-Lite" name="by.htp.vk.tests.NewTest" tests="1" failures="0" timestamp="16 Apr 2018 13:09:37 GMT" time="13.961" errors="0">
  <testcase name="WallPostTest" time="13.961" classname="by.htp.vk.tests.NewTest"/>
</testsuite> <!-- by.htp.vk.tests.NewTest -->
