<?xml version="1.0" encoding="UTF-8"?>
<!-- Generated by org.testng.reporters.JUnitReportReporter -->
<testsuite hostname="PC-Lite" name="by.htp.vk.tests.MessgeSendTest" tests="1" failures="0" timestamp="18 Apr 2018 08:30:26 GMT" time="14.213" errors="0">
  <testcase name="testMessege" time="14.213" classname="by.htp.vk.tests.MessgeSendTest"/>
</testsuite> <!-- by.htp.vk.tests.MessgeSendTest -->
